0:100  0:100  MemLog inited, TSC freq: 4200580280
0:100  0:000  CPU was calibrated without ACPI PM Timer: ACPI I/O space is not enabled., use RTC
0:100  0:000  
0:100  0:000  Now is 12.11.2017,  15:37:46 (GMT)
0:100  0:000  Starting Clover revision: 4297 on American Megatrends EFI
0:100  0:000  Build with: [Args: -D NO_GRUB_DRIVERS_EMBEDDED -t XCODE5 | -D NO_GRUB_DRIVERS_EMBEDDED -D USE_LOW_EBDA -a X64 -b RELEASE -t XCODE5 -n 5 | OS: 10.12.6 | XCODE: 9.1]
0:100  0:000  SelfDevicePath=PciRoot(0x0)\Pci(0x17,0x0)\Sata(0x0,0xFFFF,0x0)\HD(1,GPT,119BD9FB-24AF-449B-B7BB-1C9A414C2913,0x28,0x64000) @8A656E58
0:100  0:000  SelfDirPath = \EFI\BOOT
0:105  0:005  === [ Get Smbios ] ========================================
0:105  0:000  Type 16 Index = 0
0:105  0:000  Total Memory Slots Count = 4
0:105  0:000  Type 17 Index = 0
0:105  0:000  SmbiosTable.Type17->Speed = 2133MHz
0:105  0:000  SmbiosTable.Type17->Size = 16384MB
0:105  0:000  SmbiosTable.Type17->Bank/Device = BANK 0 ChannelA-DIMM0
0:105  0:000  SmbiosTable.Type17->Vendor = 029E
0:105  0:000  SmbiosTable.Type17->SerialNumber = 00000000
0:105  0:000  SmbiosTable.Type17->PartNumber = CMK32GX4M2B3000C15  
0:105  0:000  Type 17 Index = 1
0:105  0:000  SmbiosTable.Type17->Speed = 2133MHz
0:105  0:000  SmbiosTable.Type17->Size = 16384MB
0:105  0:000  SmbiosTable.Type17->Bank/Device = BANK 1 ChannelA-DIMM1
0:105  0:000  SmbiosTable.Type17->Vendor = 029E
0:105  0:000  SmbiosTable.Type17->SerialNumber = 00000000
0:105  0:000  SmbiosTable.Type17->PartNumber = CMK32GX4M2B3000C15  
0:105  0:000  Type 17 Index = 2
0:105  0:000  Ignoring insane frequency value 0MHz
0:105  0:000  SmbiosTable.Type17->Speed = 0MHz
0:105  0:000  SmbiosTable.Type17->Size = 0MB
0:105  0:000  SmbiosTable.Type17->Bank/Device = BANK 2 ChannelB-DIMM0
0:105  0:000  SmbiosTable.Type17->Vendor = <null string>
0:105  0:000  SmbiosTable.Type17->SerialNumber = <null string>
0:105  0:000  SmbiosTable.Type17->PartNumber = <null string>
0:105  0:000  Type 17 Index = 3
0:105  0:000  Ignoring insane frequency value 0MHz
0:105  0:000  SmbiosTable.Type17->Speed = 0MHz
0:105  0:000  SmbiosTable.Type17->Size = 0MB
0:105  0:000  SmbiosTable.Type17->Bank/Device = BANK 3 ChannelB-DIMM1
0:105  0:000  SmbiosTable.Type17->Vendor = <null string>
0:105  0:000  SmbiosTable.Type17->SerialNumber = <null string>
0:105  0:000  SmbiosTable.Type17->PartNumber = <null string>
0:105  0:000  Boot status=0
0:105  0:000  Running on: 'Z270X-UD5' with board 'Z270X-UD5-CF'
0:105  0:000  === [ GetCPUProperties ] ==================================
0:105  0:000  CPU Vendor = 756E6547 Model=906E9
0:105  0:000   The CPU supported SSE4.1
0:105  0:000  BrandString = Intel(R) Core(TM) i7-7700K CPU @ 4.20GHz
0:105  0:000   The CPU supported turbo
0:105  0:000  MSR 0x35               40008
0:105  0:000   TSC/CCC Information Leaf:
0:105  0:000    numerator     : 350
0:105  0:000    denominator   : 2
0:105  0:000   Calibrated ARTFrequency: 24003315
0:105  0:000  MSR 0xE2 before patch 00008000
0:105  0:000  MSR 0xE2 is locked, PM patches will be turned on
0:105  0:000  MSR 0xCE              00080838_F1012A00
0:105  0:000  MSR 0x1A0             00850089
0:105  0:000  corrected FLEX_RATIO = E0000
0:105  0:000  FSBFrequency = 107 MHz, DMI FSBFrequency = 100 MHz, Corrected FSBFrequency = 100 MHz
0:105  0:000  MaxDiv/MinDiv: 42.0/8
0:105  0:000  Turbo: 45/45/45/45
0:105  0:000  Features: 0xBFEBFBFF
0:105  0:000  Threads: 8
0:105  0:000  Cores: 4
0:105  0:000  FSB: 100 MHz
0:105  0:000  CPU: 4500 MHz
0:105  0:000  TSC: 4500 MHz
0:105  0:000  PIS: 100 MHz
0:105  0:000  ExternalClock: 25 MHz
0:105  0:000  === [ GetDevices ] ========================================
0:105  0:000  PCI (00|00:00.00) : 8086 591F class=060000
0:105  0:000  PCI (00|00:01.00) : 8086 1901 class=060400
0:105  0:000  PCI (00|01:00.00) : 1002 67DF class=030000
0:105  0:000   - GFX: Model=AMD Radeon RX480 (ATI/AMD)
0:105  0:000  PCI (00|01:00.01) : 1002 AAF0 class=040300
0:105  0:000   - HDMI Audio: 
0:105  0:000  PCI (00|00:08.00) : 8086 1911 class=088000
0:105  0:000  PCI (00|00:14.00) : 8086 A2AF class=0C0330
0:105  0:000  PCI (00|00:16.00) : 8086 A2BA class=078000
0:105  0:000  PCI (00|00:17.00) : 8086 A282 class=010601
0:105  0:000  PCI (00|00:1B.00) : 8086 A2E7 class=060400
0:105  0:000  PCI (00|00:1B.02) : 8086 A2E9 class=060400
0:105  0:000  PCI (00|00:1B.04) : 8086 A2EB class=060400
0:105  0:000  PCI (00|04:00.00) : 8086 1578 class=060400
0:105  0:000  PCI (00|05:00.00) : 8086 1578 class=060400
0:105  0:000  PCI (00|06:00.00) : 8086 1577 class=088000
0:106  0:000  PCI (00|05:01.00) : 8086 1578 class=060400
0:106  0:000  PCI (00|07:00.00) : 8086 15D3 class=060400
0:106  0:000  PCI (00|08:01.00) : 8086 15D3 class=060400
0:106  0:000  PCI (00|09:00.00) : 1B73 1100 class=0C0330
0:106  0:000  PCI (00|05:02.00) : 8086 1578 class=060400
0:106  0:000  PCI (00|21:00.00) : 8086 15B6 class=0C0330
0:106  0:000  PCI (00|05:04.00) : 8086 1578 class=060400
0:106  0:000  PCI (00|00:1C.00) : 8086 A290 class=060400
0:106  0:000  PCI (00|00:1C.01) : 8086 A291 class=060400
0:106  0:000  PCI (00|3E:00.00) : 14E4 43A0 class=028000
0:106  0:000   - WIFI: Vendor=Broadcom
0:106  0:000  PCI (00|00:1C.02) : 8086 A292 class=060400
0:106  0:000  PCI (00|3F:00.00) : 8086 1539 class=020000
0:106  0:000   - LAN: 0 Vendor=Intel
0:106  0:000  PCI (00|00:1C.04) : 8086 A294 class=060400
0:106  0:000  PCI (00|40:00.00) : 8086 15D3 class=060400
0:106  0:000  PCI (00|41:00.00) : 8086 15D3 class=060400
0:106  0:000  PCI (00|41:01.00) : 8086 15D3 class=060400
0:106  0:000  PCI (00|41:02.00) : 8086 15D3 class=060400
0:106  0:000  PCI (00|77:00.00) : 8086 15D4 class=0C0330
0:106  0:000  PCI (00|00:1D.00) : 8086 A298 class=060400
0:106  0:000  PCI (00|00:1F.00) : 8086 A2C5 class=060100
0:106  0:000  PCI (00|00:1F.02) : 8086 A2A1 class=058000
0:106  0:000  PCI (00|00:1F.03) : 8086 A2F0 class=040300
0:106  0:000  PCI (00|00:1F.04) : 8086 A2A3 class=0C0500
0:106  0:000  PCI (00|00:1F.06) : 8086 15B8 class=020000
0:106  0:000   - LAN: 1 Vendor=Intel
0:106  0:000  === [ GetDefaultSettings ] ================================
0:106  0:000  Clover load options size = 0 bytes
0:115  0:008  EFI\CLOVER\config.plist loaded: Success
0:115  0:000  ---dump hibernations data---
0:119  0:004    Firmware wake address=00000000
0:119  0:000    Firmware wake 64 addr=               0
0:119  0:000    Hardware signature   =0ED9C446
0:119  0:000    GlobalLock           =00000000
0:119  0:000    Flags                =00000000
0:119  0:000  === [ GetListOfThemes ] ===================================
0:120  0:001  - [00]: embedded
0:124  0:003  - [00]: Metro
0:129  0:004  - [01]: mimi black
0:132  0:003  - [02]: random
0:137  0:004  - [02]: newyear
0:141  0:004  - [03]: christmas
0:146  0:005  === [ Found config plists ] ===============================
0:147  0:001  - config-backup.plist
0:148  0:001  - config-nvidia.plist
0:150  0:001  - config.plist
0:151  0:001  - config_fake.plist
0:152  0:001  - config_macpro.plist
0:153  0:001  - config_ok.plist
0:154  0:001  - config_old.plist
0:155  0:001  - config_test.plist
0:157  0:001  - config_working.plist
0:158  0:001  - config_RADEON.plist
0:159  0:001  - config copia.plist
0:161  0:001  - config_DAYMAN.plist
0:162  0:001  - config_RADOFF.plist
0:163  0:001  - config_FRAMEBUFFER.plist
0:164  0:000  === [ GetEarlyUserSettings ] ==============================
0:164  0:000  timeout set to 3
0:164  0:000  Custom boot CUSTOM_BOOT_DISABLED (0x0)
0:164  0:000  KextsToPatch: 6 requested
0:164  0:000   - [00]: AppleHDA (t1-10.12-AppleHDA/Realtek ALC...) :: BinPatch :: data len: 4
0:164  0:000   - [01]: AppleHDA (t1-10.12-AppleHDA/Realtek ALC1220S) :: BinPatch :: data len: 4
0:164  0:000   - [02]: AppleHDA (t1-AppleHDA/Resources/xml>zml) :: BinPatch :: data len: 6
0:164  0:000   - [03]: AppleAHCIPort (External icons patch) :: BinPatch :: data len: 8
0:164  0:000   - [04]: com.apple.driver.usb.AppleUSBXHCIPCI (change 15 port limit to 26 in XHCI kext (100/200-series)) :: MatchOS: 10.13 :: BinPatch :: data len: 4
0:164  0:000   - patch disabled at config
0:164  0:000   - [05]: AppleGraphicsDevicePolicy (DISPLAY PORT FIX) :: BinPatch :: data len: 8
0:164  0:000  Default theme: Metro
0:164  0:000  Hiding entries with string Windows
0:164  0:000  Hiding entries with string \EFI\BOOT\BOOTX64.EFI
0:164  0:000  Hiding entries with string Preboot
0:164  0:000  === [ LoadDrivers ] =======================================
0:165  0:001  Loading OsxFatBinaryDrv-64.efi  status=Success
0:172  0:006  Loading AppleImageCodec-64.efi  status=Success
0:176  0:004  Loading AppleUITheme-64.efi  status=Success
0:181  0:004  Loading DataHubDxe-64.efi  status=Success
0:186  0:005  Loading AppleKeyAggregator-64.efi  status=Success
0:190  0:004  Loading OsxAptioFix2Drv-64.efi  status=Success
0:195  0:004  Loading VBoxHfs-64.efi  status=Success
0:199  0:004   - driver needs connecting
0:199  0:000  Loading FSInject-64.efi  status=Success
0:205  0:005  Loading FirmwareVolume-64.efi  status=Success
0:209  0:004  Loading EmuVariableUefi-64.efi  status=Success
0:214  0:004  EmuVariableUefi Initialize: VariableCommonInitialize = Success, orig services stored, install gEmuVariableControlProtocolGuid = Success
0:214  0:000  Loading SMCHelper-64.efi  status=Success
0:219  0:004  Loading apfs.efi  status=Success
0:226  0:006   - driver needs connecting
0:226  0:000  2 drivers needs connecting ...
0:226  0:000  PlatformDriverOverrideProtocol not found. Installing ... Success
0:226  0:000  APFS driver loaded
0:226  0:000  Searching for invalid DiskIo BY_DRIVER connects: not found, all ok
0:680  0:453  EmuVariable InstallEmulation: orig vars copied, emu.var.services installed, CreateEvent VirtualAddressChange = Success, CreateEvent ExitBootServices = Success, set Status=Success
0:748  0:067  === [ InitScreen ] ========================================
0:748  0:000  SetScreenResolution: 1920x1080 - not found!
0:748  0:000  SetMaxResolution: found best mode 0: 3840x2160
0:777  0:029  Video mode change to mode #0: Success
0:777  0:000   - set
0:777  0:000  Console modes reported: 5, available modes:
0:777  0:000   - [01]: 80x25 (current mode)
0:777  0:000   - [02]: 80x50
0:777  0:000   - [03]: 100x31
0:777  0:000   - [04]: 127x33
0:777  0:000   - [05]: 100x60
0:777  0:000  reinit: self device path=PciRoot(0x0)\Pci(0x17,0x0)\Sata(0x0,0xFFFF,0x0)\HD(1,GPT,119BD9FB-24AF-449B-B7BB-1C9A414C2913,0x28,0x64000)
0:780  0:003  Using embedded font: Success
0:781  0:000  === [ GetMacAddress ] =====================================
0:781  0:000  === [ ScanSPD ] ===========================================
0:782  0:000  SMBus device : 8086 A2A3 class=0C0500 status=Success
0:782  0:000  SMBus CmdReg: 0x1
0:782  0:000  Scanning SMBus [8086:A2A3], mmio: 0xEC54A004, ioport: 0xF000, hostc: 0x11
0:782  0:000  Slots to scan [8]...
0:782  0:000  SPD[0]: Type 12 @0x50
0:800  0:017  XMP Profile1: 6*125 -83 ns
0:800  0:000  Found module with XMP version 2.0
0:800  0:000  Using XMP Profile1 instead of standard frequency 2132MHz
0:800  0:000  DDR speed 2998MHz
0:800  0:000  Slot: 0 Type 26 16384MB 2998MHz Vendor=Corsair PartNo=CMK32GX4M2B3000C15 SerialNo=0000000000000000
0:800  0:000  SPD[1]: Type 12 @0x51
0:818  0:017  XMP Profile1: 6*125 -83 ns
0:818  0:000  Found module with XMP version 2.0
0:818  0:000  Using XMP Profile1 instead of standard frequency 2132MHz
0:818  0:000  DDR speed 2998MHz
0:818  0:000  Slot: 1 Type 26 16384MB 2998MHz Vendor=Corsair PartNo=CMK32GX4M2B3000C15 SerialNo=0000000000000000
0:819  0:000  === [ GetAcpiTablesList ] =================================
0:819  0:000  Get Acpi Tables List from RSDT:
0:819  0:000   - [00]: FACP  A M I  len=132
0:819  0:000   - [01]: APIC  A M I  len=188
0:819  0:000   - [02]: FPDT  A M I  len=68
0:819  0:000   - [03]: MCFG  A M I  len=60
0:819  0:000   - [04]: SSDT  SataTabl len=956
0:819  0:000   - [05]: FIDT  A M I len=156
0:819  0:000   - [06]: SSDT  SaSsdt  len=12633
0:819  0:000   - [07]: SSDT  PegSsdt len=9567
0:819  0:000   - [08]: HPET  KBL len=56
0:819  0:000   - [09]: SSDT  Ther_Rvp len=3557
0:819  0:000   - [10]: SSDT  xh_rvp10 len=10967
0:819  0:000   - [11]: UEFI  EDK2     len=66
0:819  0:000   - [12]: SSDT  CpuSsdt len=3806
0:819  0:000   - [13]: LPIT  KBL len=148
0:819  0:000   - [14]: WSMT  KBL len=40
0:819  0:000   - [15]: SSDT  sensrhub len=671
0:819  0:000   - [16]: SSDT  PtidDevc len=12290
0:819  0:000   - [17]: DBGP   len=52
0:819  0:000   - [18]: DBG2   len=84
0:819  0:000   - [19]: VFCT  A M I  len=60548
0:819  0:000   - [20]: BGRT  A M I  len=56
0:819  0:000   - [21]: DMAR  KBL  len=112
0:819  0:000  Calibrated TSC Frequency = 4200580280 = 4200MHz
0:819  0:000  === [ GetUserSettings ] ===================================
0:819  0:000  USB FixOwnership: yes
0:819  0:000  Dropping 5 tables:
0:819  0:000   - [00]: Drop table  signature="SSDT" (54445353) table-id="xh_rvp10" (30317076725F6878)
0:819  0:000           - set table: 54445353, 30317076725F6878 to drop: yes
0:819  0:000   - [01]: Drop table  signature="SSDT" (54445353) table-id="CpuPm" (0000006D50757043)
0:819  0:000           - set table: 54445353,       6D50757043 to drop: no
0:819  0:000   - [02]: Drop table  signature="DMAR" (52414D44)
0:819  0:000           - set table: 52414D44,                0 to drop: yes
0:819  0:000   - [03]: Drop table  signature="SSDT" (54445353) table-id="Cpu0Ist" (0074734930757043)
0:819  0:000           - set table: 54445353,   74734930757043 to drop: no
0:819  0:000   - [04]: Drop table  signature="SSDT" (54445353) table-id="PtidDevc" (6376654464697450)
0:819  0:000           - set table: 54445353, 6376654464697450 to drop: yes
0:819  0:000   - final DSDT Fix mask=30660005
0:820  0:000  PatchesDSDT: 7 requested
0:820  0:000   - [00]: (change HECI to IMEI) lenToFind: 4, lenToReplace: 4
0:820  0:000   - [01]: (change XHCI to XHC) lenToFind: 4, lenToReplace: 4
0:820  0:000   - [02]: (change XHC1 to XHC) lenToFind: 4, lenToReplace: 4
0:820  0:000   - [03]: (change _OSI to XOSI) lenToFind: 4, lenToReplace: 4
0:820  0:000   - [04]: (Rename HDAS to HDEF) lenToFind: 4, lenToReplace: 4
0:820  0:000   - [05]: (change EHC1 to EH01) lenToFind: 4, lenToReplace: 4
0:820  0:000   - [06]: (change EHC2 to EH02) lenToFind: 4, lenToReplace: 4
0:820  0:000  Using ProductName from config
0:820  0:000  ProductName: iMac18,3
0:820  0:000  Found same BiosVersion in clover and config
0:820  0:000  BiosVersion: IM183.88Z.0151.B00.1708080034
0:820  0:000  BiosReleaseDate: 08/08/2017
0:820  0:000  Using FirmwareFeatures from config
0:820  0:000  FirmwareFeatures: 0xFC0FE136
0:820  0:000  Using FirmwareFeaturesMask from config
0:820  0:000  FirmwareFeaturesMask: 0xFF1FFF3F
0:820  0:000  PlatformFeature: 0x0
0:820  0:000  Board-ID set from config as Mac-BE088AF8C5EB4FA2
0:820  0:000  BoardType: 0xA
0:820  0:000  ChassisType: 0x9
0:820  0:000  Converted CustomUUID 0F9A2D6F-E68E-4F4F-9221-B23BB36734FA
0:950  0:130  === [ ScanVolumes ] =======================================
0:950  0:000  Found 13 volumes with blockIO
0:950  0:000  - [00]: Volume: PciRoot(0x0)\Pci(0x14,0x0)\USB(0x7,0x0)
0:952  0:001          USB volume
0:952  0:000  - [01]: Volume: PciRoot(0x0)\Pci(0x14,0x0)\USB(0x7,0x0)\HD(1,GPT,BAD3E84E-6684-4122-A80F-14166B045061,0x28,0x64000)
0:953  0:000          Result of bootcode detection: bootable unknown (legacy)
0:953  0:000          USB volume
0:957  0:004  - [02]: Volume: PciRoot(0x0)\Pci(0x14,0x0)\USB(0x7,0x0)\HD(2,GPT,EE43C857-C6AD-4BA4-97BB-05DF6BC6C398,0x64028,0xE11FB0)
0:958  0:001          USB volume
0:958  0:000  - [03]: Volume: PciRoot(0x0)\Pci(0x17,0x0)\Sata(0x0,0xFFFF,0x0)
0:959  0:000  - [04]: Volume: PciRoot(0x0)\Pci(0x17,0x0)\Sata(0x5,0xFFFF,0x0)
0:959  0:000  - [05]: Volume: PciRoot(0x0)\Pci(0x17,0x0)\Sata(0x0,0xFFFF,0x0)\HD(1,GPT,119BD9FB-24AF-449B-B7BB-1C9A414C2913,0x28,0x64000)
0:960  0:000          Result of bootcode detection: bootable unknown (legacy)
0:962  0:001          This is SelfVolume !!
0:962  0:000  - [06]: Volume: PciRoot(0x0)\Pci(0x17,0x0)\Sata(0x0,0xFFFF,0x0)\HD(2,GPT,DDB84FC2-E3A7-4E82-A5B4-69931B28356C,0x64028,0x3A321FE0)
0:962  0:000          Result of bootcode detection: bootable unknown (legacy)
0:962  0:000  - [07]: Volume: PciRoot(0x0)\Pci(0x17,0x0)\Sata(0x5,0xFFFF,0x0)\HD(1,GPT,1117C678-7E99-42F0-B1A5-13E74015F0E6,0x28,0x64000)
0:963  0:000          Result of bootcode detection: bootable unknown (legacy)
0:964  0:001  - [08]: Volume: PciRoot(0x0)\Pci(0x17,0x0)\Sata(0x5,0xFFFF,0x0)\HD(2,GPT,6AFC39BA-DF6A-41DE-BD77-D566D7C70EB7,0x64028,0x1DB19340)
0:965  0:000  - [09]: Volume: PciRoot(0x0)\Pci(0x17,0x0)\Sata(0x0,0xFFFF,0x0)\HD(2,GPT,DDB84FC2-E3A7-4E82-A5B4-69931B28356C,0x64028,0x3A321FE0)\VenMedia(BE74FCF7-0B7C-49F3-9147-01F4042E6842,5C9F2DCD0252FB4A817562D02D69F60D)
0:965  0:000          hiding this volume
0:965  0:000  - [10]: Volume: PciRoot(0x0)\Pci(0x17,0x0)\Sata(0x0,0xFFFF,0x0)\HD(2,GPT,DDB84FC2-E3A7-4E82-A5B4-69931B28356C,0x64028,0x3A321FE0)\VenMedia(BE74FCF7-0B7C-49F3-9147-01F4042E6842,B54E7D866017AD31ACE7C6E090B4E5AF)
0:965  0:000  - [11]: Volume: PciRoot(0x0)\Pci(0x17,0x0)\Sata(0x0,0xFFFF,0x0)\HD(2,GPT,DDB84FC2-E3A7-4E82-A5B4-69931B28356C,0x64028,0x3A321FE0)\VenMedia(BE74FCF7-0B7C-49F3-9147-01F4042E6842,1DCC534AF091A74282E3844A325F649A)
0:965  0:000  - [12]: Volume: PciRoot(0x0)\Pci(0x17,0x0)\Sata(0x0,0xFFFF,0x0)\HD(2,GPT,DDB84FC2-E3A7-4E82-A5B4-69931B28356C,0x64028,0x3A321FE0)\VenMedia(BE74FCF7-0B7C-49F3-9147-01F4042E6842,315F5229F434204EA2FAE79FFD7B969B)
0:974  0:009  Loading nvram.plist from Vol 'EFI' - loaded, size=2569
0:983  0:008  === [ PutNvramPlistToRtVars ] =============================
0:983  0:000   Adding Key: Clover.BackupDirOnDestVol: Size = 3, Data: 59 65 73 
0:983  0:000   Adding Key: Clover.MountEFI: Size = 2, Data: 4E 6F 
0:983  0:000   Adding Key: Clover.NVRamDisk: Size = 3, Data: 59 65 73 
0:983  0:000   Adding Key: Clover.Theme: Size = 5, Data: 4D 65 74 72 6F 
0:983  0:000   Adding Key: EFIBluetoothDelay: Size = 2, Data: B8 0B 
0:983  0:000   Adding Key: EFILoginHiDPI: Size = 4, Data: 00 00 00 00 
0:983  0:000   Skipping EmuVariableUefiPresent
0:983  0:000   Adding Key: LocationServicesEnabled: Size = 1, Data: 01 
0:983  0:000   Adding Key: SystemAudioVolume: Size = 1, Data: 48 
0:983  0:000   Adding Key: SystemAudioVolumeDB: Size = 1, Data: F5 
0:983  0:000   Adding Key: bluetoothActiveControllerInfo: Size = 16, Data: 8D 82 AC 05 00 00 00 00 93 14 AC BC 32 EB A9 38 
0:983  0:000   Adding Key: bluetoothInternalControllerInfo: Size = 14, Data: 8D 82 AC 05 00 00 93 14 AC BC 32 EB A9 38 
0:983  0:000   Adding Key: boot-args: String: Size = 15, Val = 'kext-dev-mode=1'
0:983  0:000   Adding Key: bootercfg: Size = 2, Data: 28 00 
0:983  0:000   Adding Key: csr-active-config: Size = 4, Data: 67 00 00 00 
0:983  0:000   Adding Key: fakesmc-key-#KEY-ui32: Size = 4, Data: 00 00 00 11 
0:983  0:000   Adding Key: fakesmc-key-$Adr-ui32: Size = 4, Data: 00 00 03 00 
0:983  0:000   Adding Key: fakesmc-key-$Num-ui8: Size = 1, Data: 01 
0:983  0:000   Adding Key: fakesmc-key-BATP-flag: Size = 1, Data: 00 
0:983  0:000   Adding Key: fakesmc-key-BEMB-flag: Size = 1, Data: 00 
0:983  0:000   Adding Key: fakesmc-key-BNum-ui8: Size = 1, Data: 00 
0:983  0:000   Adding Key: fakesmc-key-EPCI-ui32: Size = 4, Data: 09 70 F0 00 
0:983  0:000   Adding Key: fakesmc-key-MSAc-ui16: Size = 2, Data: 00 00 
0:983  0:000   Adding Key: fakesmc-key-MSFW-ui8: Size = 2, Data: 01 00 
0:983  0:000   Adding Key: fakesmc-key-MSLD-ui8: Size = 1, Data: 00 
0:983  0:000   Adding Key: fakesmc-key-MSPS-ui16: Size = 2, Data: 00 03 
0:983  0:000   Adding Key: fakesmc-key-MSTc-ui8: Size = 1, Data: 00 
0:983  0:000   Adding Key: fakesmc-key-MSWr-ui8: Size = 1, Data: 00 
0:983  0:000   Adding Key: fakesmc-key-RBr -ch8*: Size = 8, Data: 6A 31 33 33 5F 34 5F 00 
0:983  0:000   Adding Key: fakesmc-key-REV -ch8*: Size = 6, Data: 02 41 0F 00 00 01 
0:983  0:000   Adding Key: fakesmc-key-RMde-char: Size = 1, Data: 41 
0:983  0:000   Adding Key: fakesmc-key-RPlt-ch8*: Size = 8, Data: 6A 31 33 35 00 00 00 00 
0:983  0:000   Adding Key: flagstate: Size = 32, Data: 00 00 00 00 00 00 00 00 00 00 00 00 00 00 00 00 00 00 00 00 00 00 00 00 00 00 00 00 00 00 00 00 
0:983  0:000   Adding Key: fmm-computer-name: Size = 17, Data: 4D 61 63 50 52 4F 48 53 20 64 69 20 4D 61 72 63 6F 
0:983  0:000   Adding Key: nv_spanmodepolicy: Size = 1, Data: 31 
0:983  0:000   Adding Key: prev-lang:kbd: Size = 4, Data: 69 74 3A 30 
0:983  0:000   Adding Key: security-mode: String: Size = 4, Val = 'none'
0:983  0:000   Adding Key: specialbootdevice: Size = 110, Data: 02 01 0C 00 D0 41 03 0A 00 00 00 00 01 01 06 00 00 17 03 12 0A 00 00 00 FF FF 00 00 04 01 2A 00 02 00 00 00 28 40 06 00 00 00 00 00 E0 1F 32 3A 00 00 00 00 C2 4F B8 DD A7 E3 82 4E A5 B4 69 93 1B 28 35 6C 02 02 04 03 24 00 F7 FC 74 BE 7C 0B F3 49 91 47 01 F4 04 2E 68 42 B5 4E 7D 86 60 17 AD 31 AC E7 C6 E0 90 B4 E5 AF 7F FF 04 00 
0:983  0:000  === [ InitTheme ] =========================================
0:988  0:004  Using theme 'Metro' (EFI\CLOVER\themes\Metro)
0:988  0:000  theme Metro defined in NVRAM found and theme.plist parsed
0:988  0:000  OS main and drive as badge
0:992  0:003  Loading font from ThemeDir: Success
0:992  0:000  Choosing theme Metro
0:992  0:000  found boot-args in NVRAM:kext-dev-mode=1, size=15
0:992  0:000  ...found arg:kext-dev-mode=1
0:992  0:000  after NVRAM boot-args=darkwake=8 npci=0x2000 nv_disable=1 kext-dev-mode=1
0:992  0:000  === [ Dump SMC keys from NVRAM ] ==========================
0:992  0:000  found AppleSMC protocol
0:992  0:000  === [ ScanLoader ] ========================================
0:992  0:000  - [01]: 'EFI'
0:995  0:002  - [02]: 'USB_HS_INSTALL'
0:998  0:002          AddLoaderEntry for Volume Name=USB_HS_INSTALL
1:012  0:014  - [05]: 'EFI'
1:024  0:011  - [07]: 'EFI'
1:033  0:008  - [08]: 'MACBCK'
1:033  0:000  - [09]: 'Preboot', hidden
1:033  0:000  - [10]: 'MACPRO'
1:066  0:033          AddLoaderEntry for Volume Name=MACPRO
1:083  0:016      Check if volume Is Hibernated:
1:083  0:000      Check sleep image 'by signature':
1:112  0:028      read prefs \Library\Preferences\com.apple.PowerManagement.plist status=Success
1:112  0:000      using default sleep image name = \private\var\vm\sleepimage
1:131  0:019      sleepimage not found -> Not Found
1:131  0:000      hibernated: no - sign
1:151  0:019  - [11]: 'Recovery'
1:156  0:005          AddLoaderEntry for Volume Name=Recovery
1:172  0:015  - [12]: 'VM'
1:176  0:004  === [ AddCustomTool ] =====================================
1:180  0:003  found tool \EFI\CLOVER\tools\Shell64U.efi
1:180  0:000  Checking EFI partition Volume 1 for Clover
1:188  0:008   Found Clover
1:190  0:002  EmuVariable UninstallEmulation: CloseEvent = Success, original var services restored
1:201  0:010  EmuVariable InstallEmulation: orig vars copied, emu.var.services installed, CreateEvent VirtualAddressChange = Success, CreateEvent ExitBootServices = Success, set Status=Success
1:269  0:067  === [ GetEfiBootDeviceFromNvram ] =========================
1:269  0:000   - found entry 1. 'Boot macOS from MACPRO', Volume 'MACPRO', DevicePath 'PciRoot(0x0)\Pci(0x17,0x0)\Sata(0x0,0xFFFF,0x0)\HD(2,GPT,DDB84FC2-E3A7-4E82-A5B4-69931B28356C,0x64028,0x3A321FE0)\VenMedia(BE74FCF7-0B7C-49F3-9147-01F4042E6842,B54E7D866017AD31ACE7C6E090B4E5AF)\System\Library\CoreServices\boot.efii'
1:269  0:000  EmuVariable UninstallEmulation: CloseEvent = Success, original var services restored
1:269  0:000  DefaultIndex=1 and MainMenu.EntryCount=9
1:766  0:497  GUI ready
8:584  6:817  ReinitSelfLib after theme change
8:584  0:000  reinit: self device path=PciRoot(0x0)\Pci(0x17,0x0)\Sata(0x0,0xFFFF,0x0)\HD(1,GPT,119BD9FB-24AF-449B-B7BB-1C9A414C2913,0x28,0x64000)
8:587  0:002  === [ ScanVolumes ] =======================================
8:587  0:000  Found 13 volumes with blockIO
8:587  0:000  - [00]: Volume: PciRoot(0x0)\Pci(0x14,0x0)\USB(0x7,0x0)
8:588  0:001          USB volume
8:588  0:000  - [01]: Volume: PciRoot(0x0)\Pci(0x14,0x0)\USB(0x7,0x0)\HD(1,GPT,BAD3E84E-6684-4122-A80F-14166B045061,0x28,0x64000)
8:589  0:000          Result of bootcode detection: bootable unknown (legacy)
8:589  0:000          USB volume
8:589  0:000  - [02]: Volume: PciRoot(0x0)\Pci(0x14,0x0)\USB(0x7,0x0)\HD(2,GPT,EE43C857-C6AD-4BA4-97BB-05DF6BC6C398,0x64028,0xE11FB0)
8:591  0:001          USB volume
8:591  0:000  - [03]: Volume: PciRoot(0x0)\Pci(0x17,0x0)\Sata(0x0,0xFFFF,0x0)
8:591  0:000  - [04]: Volume: PciRoot(0x0)\Pci(0x17,0x0)\Sata(0x5,0xFFFF,0x0)
8:592  0:000  - [05]: Volume: PciRoot(0x0)\Pci(0x17,0x0)\Sata(0x0,0xFFFF,0x0)\HD(1,GPT,119BD9FB-24AF-449B-B7BB-1C9A414C2913,0x28,0x64000)
8:592  0:000          Result of bootcode detection: bootable unknown (legacy)
8:595  0:002          This is SelfVolume !!
8:595  0:000  - [06]: Volume: PciRoot(0x0)\Pci(0x17,0x0)\Sata(0x0,0xFFFF,0x0)\HD(2,GPT,DDB84FC2-E3A7-4E82-A5B4-69931B28356C,0x64028,0x3A321FE0)
8:595  0:000          Result of bootcode detection: bootable unknown (legacy)
8:595  0:000  - [07]: Volume: PciRoot(0x0)\Pci(0x17,0x0)\Sata(0x5,0xFFFF,0x0)\HD(1,GPT,1117C678-7E99-42F0-B1A5-13E74015F0E6,0x28,0x64000)
8:596  0:000          Result of bootcode detection: bootable unknown (legacy)
8:598  0:001  - [08]: Volume: PciRoot(0x0)\Pci(0x17,0x0)\Sata(0x5,0xFFFF,0x0)\HD(2,GPT,6AFC39BA-DF6A-41DE-BD77-D566D7C70EB7,0x64028,0x1DB19340)
8:598  0:000  - [09]: Volume: PciRoot(0x0)\Pci(0x17,0x0)\Sata(0x0,0xFFFF,0x0)\HD(2,GPT,DDB84FC2-E3A7-4E82-A5B4-69931B28356C,0x64028,0x3A321FE0)\VenMedia(BE74FCF7-0B7C-49F3-9147-01F4042E6842,5C9F2DCD0252FB4A817562D02D69F60D)
8:598  0:000  - [10]: Volume: PciRoot(0x0)\Pci(0x17,0x0)\Sata(0x0,0xFFFF,0x0)\HD(2,GPT,DDB84FC2-E3A7-4E82-A5B4-69931B28356C,0x64028,0x3A321FE0)\VenMedia(BE74FCF7-0B7C-49F3-9147-01F4042E6842,B54E7D866017AD31ACE7C6E090B4E5AF)
8:598  0:000  - [11]: Volume: PciRoot(0x0)\Pci(0x17,0x0)\Sata(0x0,0xFFFF,0x0)\HD(2,GPT,DDB84FC2-E3A7-4E82-A5B4-69931B28356C,0x64028,0x3A321FE0)\VenMedia(BE74FCF7-0B7C-49F3-9147-01F4042E6842,1DCC534AF091A74282E3844A325F649A)
8:598  0:000  - [12]: Volume: PciRoot(0x0)\Pci(0x17,0x0)\Sata(0x0,0xFFFF,0x0)\HD(2,GPT,DDB84FC2-E3A7-4E82-A5B4-69931B28356C,0x64028,0x3A321FE0)\VenMedia(BE74FCF7-0B7C-49F3-9147-01F4042E6842,315F5229F434204EA2FAE79FFD7B969B)
8:598  0:000  Choosing theme Metro
8:599  0:000  after NVRAM boot-args=darkwake=8 npci=0x2000 nv_disable=1 kext-dev-mode=1
8:599  0:000  === [ ScanLoader ] ========================================
8:599  0:000  - [01]: 'EFI'
8:599  0:000  - [02]: 'USB_HS_INSTALL'
8:599  0:000          AddLoaderEntry for Volume Name=USB_HS_INSTALL
8:605  0:006  - [05]: 'EFI'
8:614  0:009  - [07]: 'EFI'
8:623  0:008  - [08]: 'MACBCK'
8:623  0:000  - [09]: 'Preboot'
8:646  0:022          AddLoaderEntry for Volume Name=Preboot
8:666  0:020      Check if volume Is Hibernated:
8:666  0:000      Check sleep image 'by signature':
8:669  0:003      using default sleep image name = \private\var\vm\sleepimage
8:670  0:001      sleepimage not found -> Not Found
8:670  0:000      hibernated: no - sign
8:682  0:012          AddLoaderEntry for Volume Name=Preboot
8:701  0:019  - [10]: 'MACPRO'
8:739  0:037          AddLoaderEntry for Volume Name=MACPRO
8:769  0:029      Check if volume Is Hibernated:
8:769  0:000      Check sleep image 'by signature':
8:803  0:033      read prefs \Library\Preferences\com.apple.PowerManagement.plist status=Success
8:803  0:000      using default sleep image name = \private\var\vm\sleepimage
8:816  0:012      sleepimage not found -> Not Found
8:816  0:000      hibernated: no - sign
8:847  0:031  - [11]: 'Recovery'
8:866  0:019          AddLoaderEntry for Volume Name=Recovery
8:897  0:030  - [12]: 'VM'
8:914  0:016  === [ AddCustomTool ] =====================================
8:915  0:001  found tool \EFI\CLOVER\tools\Shell64U.efi
8:915  0:000  Checking EFI partition Volume 1 for Clover
8:915  0:000   Found Clover
8:915  0:000  EmuVariable UninstallEmulation: CloseEvent = Invalid Parameter, original var services restored
8:915  0:000  EmuVariable InstallEmulation: orig vars copied, emu.var.services installed, CreateEvent VirtualAddressChange = Success, CreateEvent ExitBootServices = Success, set Status=Success
8:983  0:068  === [ GetEfiBootDeviceFromNvram ] =========================
8:983  0:000   - found entry 3. 'Boot macOS from MACPRO', Volume 'MACPRO', DevicePath 'PciRoot(0x0)\Pci(0x17,0x0)\Sata(0x0,0xFFFF,0x0)\HD(2,GPT,DDB84FC2-E3A7-4E82-A5B4-69931B28356C,0x64028,0x3A321FE0)\VenMedia(BE74FCF7-0B7C-49F3-9147-01F4042E6842,B54E7D866017AD31ACE7C6E090B4E5AF)\System\Library\CoreServices\boot.efii'
8:983  0:000  EmuVariable UninstallEmulation: CloseEvent = Success, original var services restored
8:983  0:000  DefaultIndex=3 and MainMenu.EntryCount=11
53:098  44:115  BootVariable of the entry is empty
53:098  0:000  === [ StartLoader ] =======================================
53:098  0:000  Finally: ExternalClock=25MHz BusSpeed=100013kHz CPUFreq=4201MHz PIS: hw.busfrequency=100000000Hz
53:098  0:000  Loading boot.efi  status=Success
53:134  0:035  GetOSVersion: 10.13.1 (17B48)
53:134  0:000  CSR_CFG: CSR_ALLOW_UNTRUSTED_KEXTS | CSR_ALLOW_UNRESTRICTED_FS | CSR_ALLOW_TASK_FOR_PID | CSR_ALLOW_UNRESTRICTED_DTRACE | CSR_ALLOW_UNRESTRICTED_NVRAM
53:134  0:000  Filtering KextPatches:
53:134  0:000   - [00]: AppleHDA (t1-10.12-AppleHDA/Realtek ALC...) :: BinPatch :: [OS: 10.13.1 | MatchOS: All | MatchBuild: All] ==> allowed
53:134  0:000   - [01]: AppleHDA (t1-10.12-AppleHDA/Realtek ALC1220S) :: BinPatch :: [OS: 10.13.1 | MatchOS: All | MatchBuild: All] ==> allowed
53:134  0:000   - [02]: AppleHDA (t1-AppleHDA/Resources/xml>zml) :: BinPatch :: [OS: 10.13.1 | MatchOS: All | MatchBuild: All] ==> allowed
53:134  0:000   - [03]: AppleAHCIPort (External icons patch) :: BinPatch :: [OS: 10.13.1 | MatchOS: All | MatchBuild: All] ==> allowed
53:134  0:000   - [04]: com.apple.driver.usb.AppleUSBXHCIPCI (change 15 port limit to 26 in XHCI kext (100/200-series)) :: BinPatch :: [OS: 10.13.1 | MatchOS: 10.13 | MatchBuild: All] ==> disabled by user
53:134  0:000   - [05]: AppleGraphicsDevicePolicy (DISPLAY PORT FIX) :: BinPatch :: [OS: 10.13.1 | MatchOS: All | MatchBuild: All] ==> allowed
53:134  0:000  Will not patch boot.efi
53:134  0:000  EmuVariable InstallEmulation: orig vars copied, emu.var.services installed, CreateEvent VirtualAddressChange = Success, CreateEvent ExitBootServices = Success, set Status=Success
53:202  0:068  === [ PatchSmbios ] =======================================
53:202  0:000  insert table 9 for dev 0:0
53:202  0:000  insert table 9 for dev 0:1
53:202  0:000  insert table 9 for dev 1F:6
53:202  0:000  insert table 9 for dev 0:0
53:203  0:000  Trusting SMBIOS...
53:203  0:000  Channels: 1
53:203  0:000  Interleave: 0 1 2 3 4 5 6 7 8 9 10 11 12 13 14 15 16 17 18 19 20 21 22 23
53:203  0:000   partNum=CMK32GX4M2B3000C15  
53:203  0:000  SMBIOS Type 17 Index = 0 => 0 0:
53:203  0:000  BANK 0 DIMM0 2998MHz 16384MB
53:203  0:000   partNum=CMK32GX4M2B3000C15  
53:203  0:000  SMBIOS Type 17 Index = 1 => 1 1:
53:203  0:000  BANK 0 DIMM1 2998MHz 16384MB
53:203  0:000  SMBIOS Type 17 Index = 2 => 2 2:
53:203  0:000  BANK 0 DIMM2 EMPTY
53:203  0:000  SMBIOS Type 17 Index = 3 => 3 3:
53:203  0:000  BANK 0 DIMM3 EMPTY
53:203  0:000  mTotalSystemMemory = 32768
53:203  0:000  NumberOfMemoryDevices = 4
53:203  0:000  Type20[0]->End = 0xFFFFFF, Type17[0] = 0x4000
53:203  0:000  Type20[1]->End = 0x1FFFFFF, Type17[1] = 0xC000
53:203  0:000  Table 131 is present, CPUType=31
53:203  0:000  Change to: 705
53:203  0:000  === [ PatchACPI ] =========================================
53:203  0:000  RSDT 0x8E5A8028
53:203  0:000  FADT from RSDT: 0x8E5A8190
53:203  0:000  XSDT 0x8E5A80A8
53:203  0:000  FADT from XSDT: 0x8E5D0F80
53:203  0:000  Xsdt reallocation done
53:203  0:000  old FADT length=114
53:203  0:000   SignatureFixup: 0xED9C446 -> 0
53:203  0:000  Found OperationRegion(GNVS, SystemMemory, 8E935000, ...)
53:203  0:000  Found OperationRegion(CPSB, SystemMemory, 8E0F0F98, ...)
53:203  0:000  Found OperationRegion(PNVA, SystemMemory, 8E96B018, ...)
53:203  0:000  Found OperationRegion(THBA, SystemMemory, FE200000, ...)
53:203  0:000  Found OperationRegion(ITSS, SystemMemory, FDC43100, ...)
53:203  0:000  Found OperationRegion(ABNV, SystemMemory, FFFF0000, ...)
53:203  0:000  Found OperationRegion(TMMB, SystemMemory, FED40000, ...)
53:203  0:000  Found OperationRegion(CRBD, SystemMemory, FED40000, ...)
53:203  0:000  Found OperationRegion(TPMR, SystemMemory, FFFFFFFF, ...)
53:203  0:000  Found OperationRegion(ATNV, SystemMemory, FFFF0000, ...)
53:207  0:003  DSDT found in Clover volume OEM folder: EFI\CLOVER\ACPI\patched\DSDT.aml
53:211  0:003  Apply DsdtFixMask=0x30660005
53:211  0:000     drop _DSM mask=0xFFFF
53:211  0:000  === [ FixBiosDsdt ] =======================================
53:211  0:000  VideoCard devID=0x67DF1002
53:211  0:000  DisplayADR1[0] = 0x10000, DisplayADR2[0] = 0x0
53:211  0:000  USBADR[0] = 0x140000 and PCIe = 0xFFFE
53:211  0:000  USBADR[1] = 0x1B0004 and PCIe = 0x0
53:211  0:000  USBADR[2] = 0x1B0004 and PCIe = 0x0
53:211  0:000  Found Airport BCM at 0x1C0001, 0x0
53:211  0:000  USBADR[3] = 0x1C0004 and PCIe = 0x0
53:224  0:012  Audio HDA (addr:0x1F0003) setting specified layout-id=11 (0xB)
53:224  0:000  Patching DSDT:
53:224  0:000   - [change HECI to IMEI]: pattern 48454349, patched at: [ (12037) ]
53:224  0:000   - [change XHCI to XHC]: pattern 58484349, patched at: [ (D720) ]
53:224  0:000   - [change XHC1 to XHC]: pattern 58484331, bin not found / already patched!
53:224  0:000   - [change _OSI to XOSI]: pattern 5F4F5349, patched at: [ (A731) (8F3E) (3) (11) (18) (1C) (1C) (1B) (8) (19) (8) (19) (8) (18) (18) ]
53:225  0:000   - [Rename HDAS to HDEF]: pattern 48444153, patched at: [ (33C) (12) (12) (B752) (1D22) (84) (D) (2D) (32) (4F) (7B) (C3) (19D78) ]
53:225  0:000   - [change EHC1 to EH01]: pattern 45484331, bin not found / already patched!
53:225  0:000   - [change EHC2 to EH02]: pattern 45484332, bin not found / already patched!
53:225  0:000  first CPU found at A3D5 offset A3D8
53:225  0:000  score candidate at A3D1
53:225  0:000  score inserted in acpi_cpu_score _PR_
53:225  0:000  Found ACPI CPU: CPU0 | CPU1 | CPU2 | CPU3 | CPU4 | CPU5 | CPU6 | CPU7 , within the score: _PR_
53:226  0:000  Found PCIROOTUID = 0
53:226  0:000  Start RTC Fix
53:226  0:000  found RTC Length not match, Maybe will cause CMOS reset will patch it.
53:226  0:000  found RTC had IRQNoFlag will move -3 bytes
53:226  0:000  ...len=28E41
53:226  0:000  new size written to 27B48 shift=0 len=28E41
53:226  0:000  len after correct outers 28E41
53:226  0:000  Start TMR Fix
53:226  0:000  Start _WAK Return Fix
53:226  0:000  _WAK Method find return data, don't need to patch.
53:226  0:000  return len=28E4C
53:226  0:000   deleting device CRT_
53:227  0:000   deleting device DVI_
53:227  0:000   deleting device SPKR
53:227  0:000   deleting device ECP_
53:228  0:000   deleting device LPT_
53:228  0:000   deleting device FDC0
53:228  0:000   deleting device ECP1
53:228  0:000   deleting device LPT1
53:229  0:000  OperationRegion (GNVS...) corrected to addr=0x8E935000
53:229  0:000  OperationRegion (CPSB...) corrected to addr=0x8E0F0F98
53:229  0:000    indirect name=PNVB
53:229  0:000  OperationRegion (PNVA...) corrected to addr=0x8E96B018
53:229  0:000  OperationRegion (THBA...) corrected to addr=0xFE200000
53:229  0:000    indirect name=TPMM
53:229  0:000    indirect name=FTPM
53:229  0:000    indirect name=PPIM
53:229  0:000  Start SHUTDOWN Fix len=28E4C
53:229  0:000  === [ ACPIDropTables ] ====================================
53:229  0:000  Drop tables from Xsdt, SIGN=DMAR TableID=KBL  Length=112
53:229  0:000   Xsdt has tables count=22
53:229  0:000   Table: DMAR  KBL   112 dropped
53:229  0:000  Drop tables from Xsdt, SIGN=SSDT TableID=PtidDevc Length=12290
53:229  0:000   Xsdt has tables count=21
53:229  0:000   Table: SSDT  PtidDevc  12290 dropped
53:229  0:000  Drop tables from Xsdt, SIGN=SSDT TableID=xh_rvp10 Length=10967
53:229  0:000   Xsdt has tables count=20
53:229  0:000   Table: SSDT  xh_rvp10  10967 dropped
53:229  0:000  === [ ACPIPatchedAML ] ====================================
53:229  0:000  Unsorted
53:229  0:000  Inserting ssdt.aml from EFI\CLOVER\ACPI\patched ... Success
53:232  0:002  Inserting USB-SSDT.aml from EFI\CLOVER\ACPI\patched ... Success
53:234  0:002  === [ PatchAllSSDT ] ======================================
53:234  0:000  Patch table: SSDT  SataTabl len=0x3BC
53:234  0:000  0. [change HECI to IMEI]: pattern 48454349, bin not found / already patched!
53:234  0:000  1. [change XHCI to XHC]: pattern 58484349, bin not found / already patched!
53:234  0:000  2. [change XHC1 to XHC]: pattern 58484331, bin not found / already patched!
53:234  0:000  3. [change _OSI to XOSI]: pattern 5F4F5349, bin not found / already patched!
53:234  0:000  4. [Rename HDAS to HDEF]: pattern 48444153, bin not found / already patched!
53:234  0:000  5. [change EHC1 to EH01]: pattern 45484331, bin not found / already patched!
53:234  0:000  6. [change EHC2 to EH02]: pattern 45484332, bin not found / already patched!
53:234  0:000  Patch table: SSDT  SaSsdt  len=0x3159
53:234  0:000  0. [change HECI to IMEI]: pattern 48454349, bin not found / already patched!
53:234  0:000  1. [change XHCI to XHC]: pattern 58484349, bin not found / already patched!
53:234  0:000  2. [change XHC1 to XHC]: pattern 58484331, bin not found / already patched!
53:234  0:000  3. [change _OSI to XOSI]: pattern 5F4F5349, bin not found / already patched!
53:234  0:000  4. [Rename HDAS to HDEF]: pattern 48444153, bin not found / already patched!
53:234  0:000  5. [change EHC1 to EH01]: pattern 45484331, bin not found / already patched!
53:234  0:000  6. [change EHC2 to EH02]: pattern 45484332, bin not found / already patched!
53:234  0:000  Patch table: SSDT  PegSsdt len=0x255F
53:234  0:000  0. [change HECI to IMEI]: pattern 48454349, bin not found / already patched!
53:234  0:000  1. [change XHCI to XHC]: pattern 58484349, bin not found / already patched!
53:234  0:000  2. [change XHC1 to XHC]: pattern 58484331, bin not found / already patched!
53:234  0:000  3. [change _OSI to XOSI]: pattern 5F4F5349, bin not found / already patched!
53:234  0:000  4. [Rename HDAS to HDEF]: pattern 48444153, bin not found / already patched!
53:234  0:000  5. [change EHC1 to EH01]: pattern 45484331, bin not found / already patched!
53:234  0:000  6. [change EHC2 to EH02]: pattern 45484332, bin not found / already patched!
53:234  0:000  Patch table: SSDT  Ther_Rvp len=0xDE5
53:234  0:000  0. [change HECI to IMEI]: pattern 48454349, bin not found / already patched!
53:234  0:000  1. [change XHCI to XHC]: pattern 58484349, bin not found / already patched!
53:234  0:000  2. [change XHC1 to XHC]: pattern 58484331, bin not found / already patched!
53:234  0:000  3. [change _OSI to XOSI]: pattern 5F4F5349, bin not found / already patched!
53:234  0:000  4. [Rename HDAS to HDEF]: pattern 48444153, bin not found / already patched!
53:234  0:000  5. [change EHC1 to EH01]: pattern 45484331, bin not found / already patched!
53:234  0:000  6. [change EHC2 to EH02]: pattern 45484332, bin not found / already patched!
53:234  0:000  Patch table: SSDT  CpuSsdt len=0xEDE
53:234  0:000  0. [change HECI to IMEI]: pattern 48454349, bin not found / already patched!
53:234  0:000  1. [change XHCI to XHC]: pattern 58484349, bin not found / already patched!
53:234  0:000  2. [change XHC1 to XHC]: pattern 58484331, bin not found / already patched!
53:234  0:000  3. [change _OSI to XOSI]: pattern 5F4F5349, bin not found / already patched!
53:234  0:000  4. [Rename HDAS to HDEF]: pattern 48444153, bin not found / already patched!
53:234  0:000  5. [change EHC1 to EH01]: pattern 45484331, bin not found / already patched!
53:234  0:000  6. [change EHC2 to EH02]: pattern 45484332, bin not found / already patched!
53:234  0:000  Patch table: SSDT  sensrhub len=0x29F
53:234  0:000  0. [change HECI to IMEI]: pattern 48454349, bin not found / already patched!
53:234  0:000  1. [change XHCI to XHC]: pattern 58484349, bin not found / already patched!
53:234  0:000  2. [change XHC1 to XHC]: pattern 58484331, bin not found / already patched!
53:234  0:000  3. [change _OSI to XOSI]: pattern 5F4F5349, bin not found / already patched!
53:234  0:000  4. [Rename HDAS to HDEF]: pattern 48444153, bin not found / already patched!
53:234  0:000  5. [change EHC1 to EH01]: pattern 45484331, bin not found / already patched!
53:234  0:000  6. [change EHC2 to EH02]: pattern 45484332, bin not found / already patched!
53:234  0:000  Drop tables from Xsdt, SIGN=XXXX TableID= Length=0
53:234  0:000   Xsdt has tables count=21
53:234  0:000  CPUBase=0 and ApicCPUBase=1 ApicCPUNum=1
53:234  0:000  === [ RestSetup macOS ] ===================================
53:234  0:000  EdidDiscovered size=128
53:234  0:000  ------- EDID Table
53:234  0:000  000  |  00  FF  FF  FF  FF  FF  FF  00  1E  6D
53:234  0:000  010  |  11  5B  55  72  06  00  01  1B  01  04
53:234  0:000  020  |  B5  3C  22  78  80  0F  91  AE  52  43
53:234  0:000  030  |  B0  26  0F  50  54  20  00  00  01  01
53:234  0:000  040  |  01  01  01  01  01  01  01  01  01  01
53:234  0:000  050  |  01  01  01  01  25  CC  00  50  F0  70
53:234  0:000  060  |  3E  80  08  20  18  00  58  54  21  00
53:234  0:000  070  |  00  1A  A3  5B  00  50  A0  A0  29  50
53:234  0:000  080  |  08  20  18  00  58  54  21  00  00  1A
53:234  0:000  090  |  00  00  00  FF  00  37  30  31  4E  54
53:234  0:000  100  |  4B  46  43  45  34  38  35  0A  00  00
53:234  0:000  110  |  00  FC  00  4C  47  20  55  6C  74  72
53:234  0:000  120  |  61  46  69  6E  65  0A  02  84
53:234  0:000  ATI injection not set
53:235  0:000   RCBA disabled; cannot use it
53:235  0:000   setting specified layout-id=11 (0xB)
53:235  0:000  stringlength = 3184
53:235  0:000  CurrentMode: Width=3840 Height=2160
53:235  0:000  Beginning FSInjection
FSInjectionInstall ...
- Our FSI_SIMPLE_FILE_SYSTEM_PROTOCOL installed on handle: 898DB858
FSInjectionInstall ...
- Our FSI_SIMPLE_FILE_SYSTEM_PROTOCOL installed on handle: 898DB858
53:238  0:002  Use origin smbios table type 1 guid.
53:240  0:002  Preparing kexts injection for arch=x86_64 from EFI\CLOVER\kexts\Other
53:242  0:001  Preparing kexts injection for arch=x86_64 from EFI\CLOVER\kexts\10.13
53:242  0:000  Extra kext: EFI\CLOVER\kexts\10.13\XHCI-200-series-injector.kext
53:245  0:003  Extra kext: EFI\CLOVER\kexts\10.13\WhateverGreen.kext
53:254  0:009  Extra kext: EFI\CLOVER\kexts\10.13\Lilu.kext
53:263  0:008  Extra kext: EFI\CLOVER\kexts\10.13\IntelMausiEthernet.kext
53:272  0:008  Extra kext: EFI\CLOVER\kexts\10.13\FakeSMC.kext
53:280  0:008  Extra kext: EFI\CLOVER\kexts\10.13\AppleIGB.kext
53:290  0:009  Extra kext: EFI\CLOVER\kexts\10.13\AppleALC.kext
53:300  0:009    |-- PlugIn kext: EFI\CLOVER\kexts\10.13\AppleALC.kext\Contents\PlugIns\PinConfigs.kext
53:396  0:096  Custom boot is disabled
53:397  0:000  Closing log
